<?xml version="1.0" encoding="UTF-8"?>
<!-- Generated by org.testng.reporters.JUnitXMLReporter -->
<testsuite ignored="0" hostname="DESKTOP-EMUU5D0" failures="1" tests="2" name="chrome" time="12.332" errors="0" timestamp="2022-09-15T09:37:01 IST">
  <testcase classname="testPackage.TestClassA_TestNG" name="verifyLogin" time="2.787">
    <failure type="java.lang.AssertionError" message="The following asserts failed:
	expected [https://opensource-demo.orangehrmlive.com/web/index.php/auth] but found [https://opensource-demo.orangehrmlive.com/web/index.php/auth/login]">
      <![CDATA[java.lang.AssertionError: The following asserts failed:
expected [https://opensource-demo.orangehrmlive.com/web/index.php/auth] but found [https://opensource-demo.orangehrmlive.com/web/index.php/auth/login]
at testPackage.TestClassA_TestNG.verifyLogin(TestClassA_TestNG.java:71)
at java.base/java.util.concurrent.ThreadPoolExecutor.runWorker(ThreadPoolExecutor.java:1136)
at java.base/java.util.concurrent.ThreadPoolExecutor$Worker.run(ThreadPoolExecutor.java:635)
at java.base/java.lang.Thread.run(Thread.java:833)
... Removed 12 stack frames]]>
    </failure>
  </testcase> <!-- verifyLogin -->
  <testcase classname="testPackage.TestClassA_TestNG" name="testB" time="0.002"/>
</testsuite> <!-- chrome -->
